2025-05-21 20:25:13.864135 - Login: sousa
<<<<<<< HEAD
2025-05-21 22:35:12.666726 - Login: admin2025-05-24 11:03:27.778803 - Login: admin
2025-05-24 11:18:49.568510 - Login: sousa
2025-05-24 11:19:17.620752 - Login: admin
2025-05-24 11:40:29.583091 - Login: admin
=======
<<<<<<< HEAD
2025-05-21 20:39:55.179857 - Login: admin
2025-05-21 20:53:52.702668 - Login: admin
2025-05-21 20:56:38.565550 - Login: admin
2025-05-21 22:35:12.666726 - Login: admin
2025-05-22 10:32:18.680815 - Login: admin
2025-05-22 10:53:00.053611 - Login: admin
2025-05-22 10:56:14.288654 - Login: admin
2025-05-22 11:00:10.452146 - Login: admin
2025-05-22 11:11:49.865706 - Login: admin
2025-05-22 11:12:14.196751 - Login: admin
2025-05-22 11:12:39.978624 - Login: admin
2025-05-22 11:13:53.284641 - Login: admin
2025-05-22 12:08:25.497723 - Login: admin
2025-05-22 12:10:38.842745 - Login: admin
2025-05-22 12:14:15.992732 - Login: admin
2025-05-22 12:19:01.472461 - Login: admin
2025-05-22 12:21:05.539441 - Login: admin
2025-05-22 12:47:49.449905 - Login: admin
2025-05-22 16:18:55.651700 - Login: admin
2025-05-23 13:32:30.666674 - Login: sousa
2025-05-23 13:38:59.775364 - Login: sousa
2025-05-23 14:51:45.817836 - Login: sousa
2025-05-23 15:04:40.763763 - Login: sousa
2025-05-23 15:05:30.836751 - Login: sousa
2025-05-23 15:07:56.439823 - Login: sousa
2025-05-23 15:13:36.665392 - Login: sousa
2025-05-24 09:49:55.890531 - Login: admin
2025-05-24 09:50:17.944298 - Login: admin
2025-05-24 09:55:03.095204 - Login: admin
2025-05-24 09:55:25.770762 - Login: sousa
2025-05-24 09:56:26.667866 - Login: admin
2025-05-24 10:05:27.798152 - Login: admin
2025-05-24 10:06:06.106924 - Login: carvr
2025-05-24 10:14:48.806921 - Login: carvr
2025-05-24 10:26:50.704559 - Login: admin
2025-05-24 10:28:10.870955 - Login: carvr
2025-05-24 10:31:37.174932 - Login: admin
2025-05-24 10:46:40.015648 - Login: admin
2025-05-24 10:49:41.129031 - Login: admin
2025-05-24 10:50:29.581805 - Login: admin
2025-05-24 10:50:47.524477 - Login: admin
2025-05-24 10:57:22.463956 - Login: admin
2025-05-24 10:59:21.491454 - Login: admin
2025-05-24 10:59:44.318021 - Login: carvr
2025-05-24 11:19:28.114647 - Login: admin
2025-05-24 11:20:41.321502 - Login: admin
2025-05-24 12:06:23.246197 - Login: admin
2025-05-24 13:32:54.973996 - Login: admin
2025-05-24 13:35:18.766065 - Login: admin
